<?xml version="1.0" encoding="UTF-8"?>
<testng-results skipped="0" failed="0" ignored="0" total="1" passed="1">
  <reporter-output>
  </reporter-output>
  <suite name="Suite" duration-ms="27079" started-at="2020-05-23T14:49:46 IST" finished-at="2020-05-23T14:50:13 IST">
    <groups>
    </groups>
    <test name="Test" duration-ms="27079" started-at="2020-05-23T14:49:46 IST" finished-at="2020-05-23T14:50:13 IST">
      <class name="Mastersanity.Browser.HomePage">
        <test-method status="PASS" signature="basePageNavigation(java.lang.String, java.lang.String)[pri:0, instance:Mastersanity.Browser.HomePage@8909f18]" name="basePageNavigation" duration-ms="27003" started-at="2020-05-23T14:49:46 IST" data-provider="getData" finished-at="2020-05-23T14:50:13 IST">
          <params>
            <param index="0">
              <value>
                <![CDATA[nonrestricted]]>
              </value>
            </param>
            <param index="1">
              <value>
                <![CDATA[123456]]>
              </value>
            </param>
          </params>
          <reporter-output>
          </reporter-output>
        </test-method> <!-- basePageNavigation -->
      </class> <!-- Mastersanity.Browser.HomePage -->
    </test> <!-- Test -->
  </suite> <!-- Suite -->
</testng-results>
